0 info it worked if it ends with ok
1 verbose cli [ '/Users/th/.nvm/versions/node/v6.0.0/bin/node',
1 verbose cli   '/Users/th/.nvm/versions/node/v6.0.0/bin/npm',
1 verbose cli   'run',
1 verbose cli   'build' ]
2 info using npm@3.8.6
3 info using node@v6.0.0
4 verbose run-script [ 'prebuild', 'build', 'postbuild' ]
5 info lifecycle basta-2016-mba-workshop@0.0.1~prebuild: basta-2016-mba-workshop@0.0.1
6 silly lifecycle basta-2016-mba-workshop@0.0.1~prebuild: no script for prebuild, continuing
7 info lifecycle basta-2016-mba-workshop@0.0.1~build: basta-2016-mba-workshop@0.0.1
8 verbose lifecycle basta-2016-mba-workshop@0.0.1~build: unsafe-perm in lifecycle true
9 verbose lifecycle basta-2016-mba-workshop@0.0.1~build: PATH: /Users/th/.nvm/versions/node/v6.0.0/lib/node_modules/npm/bin/node-gyp-bin:/Users/th/dev/public/basta/basta-2016-mba-workshop/src/node_modules/.bin:/Users/th/.nvm/versions/node/v6.0.0/bin:/Users/th/.dnx/runtimes/dnx-coreclr-darwin-x64.1.0.0-rc1-update2/bin:/Users/th/.dnx/bin:/Users/th/.nvm/versions/node/v6.0.0/bin:/usr/local/bin:/usr/bin:/bin:/usr/sbin:/sbin:/development/android-sdk/platform-tools:/development/android-sdk/tools:/Library/TeX/texbin
10 verbose lifecycle basta-2016-mba-workshop@0.0.1~build: CWD: /Users/th/dev/public/basta/basta-2016-mba-workshop/src
11 silly lifecycle basta-2016-mba-workshop@0.0.1~build: Args: [ '-c', 'gulp' ]
12 silly lifecycle basta-2016-mba-workshop@0.0.1~build: Returned: code: 1  signal: null
13 info lifecycle basta-2016-mba-workshop@0.0.1~build: Failed to exec build script
14 verbose stack Error: basta-2016-mba-workshop@0.0.1 build: `gulp`
14 verbose stack Exit status 1
14 verbose stack     at EventEmitter.<anonymous> (/Users/th/.nvm/versions/node/v6.0.0/lib/node_modules/npm/lib/utils/lifecycle.js:239:16)
14 verbose stack     at emitTwo (events.js:106:13)
14 verbose stack     at EventEmitter.emit (events.js:191:7)
14 verbose stack     at ChildProcess.<anonymous> (/Users/th/.nvm/versions/node/v6.0.0/lib/node_modules/npm/lib/utils/spawn.js:24:14)
14 verbose stack     at emitTwo (events.js:106:13)
14 verbose stack     at ChildProcess.emit (events.js:191:7)
14 verbose stack     at maybeClose (internal/child_process.js:850:16)
14 verbose stack     at Process.ChildProcess._handle.onexit (internal/child_process.js:215:5)
15 verbose pkgid basta-2016-mba-workshop@0.0.1
16 verbose cwd /Users/th/dev/public/basta/basta-2016-mba-workshop/src
17 error Darwin 15.6.0
18 error argv "/Users/th/.nvm/versions/node/v6.0.0/bin/node" "/Users/th/.nvm/versions/node/v6.0.0/bin/npm" "run" "build"
19 error node v6.0.0
20 error npm  v3.8.6
21 error code ELIFECYCLE
22 error basta-2016-mba-workshop@0.0.1 build: `gulp`
22 error Exit status 1
23 error Failed at the basta-2016-mba-workshop@0.0.1 build script 'gulp'.
23 error Make sure you have the latest version of node.js and npm installed.
23 error If you do, this is most likely a problem with the basta-2016-mba-workshop package,
23 error not with npm itself.
23 error Tell the author that this fails on your system:
23 error     gulp
23 error You can get information on how to open an issue for this project with:
23 error     npm bugs basta-2016-mba-workshop
23 error Or if that isn't available, you can get their info via:
23 error     npm owner ls basta-2016-mba-workshop
23 error There is likely additional logging output above.
24 verbose exit [ 1, true ]
